# JRE version: OpenJDK Runtime Environment (21.0.7) (build 21.0.7+-13880790-b1038.58)
# Java VM: OpenJDK 64-Bit Server VM (21.0.7+-13880790-b1038.58, mixed mode, tiered, compressed oops, compressed class ptrs, g1 gc, windows-amd64)
GC Precious Log:
 CardTable entry size: 512
 Card Set container configuration: InlinePtr #cards 4 size 8 Array Of Cards #cards 32 size 80 Howl #buckets 8 coarsen threshold 7372 Howl Bitmap #cards 1024 size 144 coarsen threshold 921 Card regions per heap region 1 cards per card region 8192
 CPUs: 12 total, 12 available
 Memory: 7915M
 Large Page Support: Disabled
 NUMA Support: Disabled
 Compressed Oops: Enabled (Zero based)
 Heap Region Size: 4M
 Heap Min Capacity: 8M
 Heap Initial Capacity: 124M
 Heap Max Capacity: 8G
 Pre-touch: Disabled
 Parallel Workers: 10
 Concurrent Workers: 3
 Concurrent Refinement Workers: 10
 Periodic GC: Disabled
Heap:
 garbage-first heap   total 1613824K, used 639319K [0x0000000600000000, 0x0000000800000000)
  region size 4096K, 3 young (12288K), 3 survivors (12288K)
 Metaspace       used 401115K, committed 404608K, reserved 1441792K
  class space    used 51909K, committed 53632K, reserved 1048576K
GC Heap History (20 events):
Event: 314.639 GC heap after
{Heap after GC invocations=98 (full 0):
 garbage-first heap   total 1613824K, used 500276K [0x0000000600000000, 0x0000000800000000)
  region size 4096K, 11 young (45056K), 11 survivors (45056K)
 Metaspace       used 385562K, committed 388928K, reserved 1441792K
  class space    used 49748K, committed 51392K, reserved 1048576K
}
Event: 342.725 GC heap before
{Heap before GC invocations=98 (full 0):
 garbage-first heap   total 1613824K, used 1421876K [0x0000000600000000, 0x0000000800000000)
  region size 4096K, 236 young (966656K), 11 survivors (45056K)
 Metaspace       used 389601K, committed 392960K, reserved 1441792K
  class space    used 50437K, committed 52096K, reserved 1048576K
}
Event: 342.932 GC heap after
{Heap after GC invocations=99 (full 0):
 garbage-first heap   total 1613824K, used 505920K [0x0000000600000000, 0x0000000800000000)
  region size 4096K, 12 young (49152K), 12 survivors (49152K)
 Metaspace       used 389601K, committed 392960K, reserved 1441792K
  class space    used 50437K, committed 52096K, reserved 1048576K
}
Event: 345.233 GC heap before
{Heap before GC invocations=99 (full 0):
 garbage-first heap   total 1613824K, used 784448K [0x0000000600000000, 0x0000000800000000)
  region size 4096K, 80 young (327680K), 12 survivors (49152K)
 Metaspace       used 391664K, committed 395072K, reserved 1441792K
  class space    used 50718K, committed 52352K, reserved 1048576K
}
Event: 345.360 GC heap after
{Heap after GC invocations=100 (full 0):
 garbage-first heap   total 1613824K, used 509986K [0x0000000600000000, 0x0000000800000000)
  region size 4096K, 8 young (32768K), 8 survivors (32768K)
 Metaspace       used 391664K, committed 395072K, reserved 1441792K
  class space    used 50718K, committed 52352K, reserved 1048576K
}
Event: 346.517 GC heap before
{Heap before GC invocations=101 (full 0):
 garbage-first heap   total 1613824K, used 882722K [0x0000000600000000, 0x0000000800000000)
  region size 4096K, 100 young (409600K), 8 survivors (32768K)
 Metaspace       used 391816K, committed 395200K, reserved 1441792K
  class space    used 50734K, committed 52352K, reserved 1048576K
}
Event: 346.571 GC heap after
{Heap after GC invocations=102 (full 0):
 garbage-first heap   total 1613824K, used 505143K [0x0000000600000000, 0x0000000800000000)
  region size 4096K, 7 young (28672K), 7 survivors (28672K)
 Metaspace       used 391816K, committed 395200K, reserved 1441792K
  class space    used 50734K, committed 52352K, reserved 1048576K
}
Event: 430.135 GC heap before
{Heap before GC invocations=102 (full 0):
 garbage-first heap   total 1613824K, used 1385783K [0x0000000600000000, 0x0000000800000000)
  region size 4096K, 200 young (819200K), 7 survivors (28672K)
 Metaspace       used 398814K, committed 402240K, reserved 1441792K
  class space    used 51725K, committed 53376K, reserved 1048576K
}
Event: 430.634 GC heap after
{Heap after GC invocations=103 (full 0):
 garbage-first heap   total 1613824K, used 498802K [0x0000000600000000, 0x0000000800000000)
  region size 4096K, 6 young (24576K), 6 survivors (24576K)
 Metaspace       used 398814K, committed 402240K, reserved 1441792K
  class space    used 51725K, committed 53376K, reserved 1048576K
}
Event: 437.560 GC heap before
{Heap before GC invocations=103 (full 0):
 garbage-first heap   total 1613824K, used 552050K [0x0000000600000000, 0x0000000800000000)
  region size 4096K, 19 young (77824K), 6 survivors (24576K)
 Metaspace       used 399036K, committed 402432K, reserved 1441792K
  class space    used 51764K, committed 53440K, reserved 1048576K
}
Event: 437.628 GC heap after
{Heap after GC invocations=104 (full 0):
 garbage-first heap   total 1613824K, used 497684K [0x0000000600000000, 0x0000000800000000)
  region size 4096K, 2 young (8192K), 2 survivors (8192K)
 Metaspace       used 399036K, committed 402432K, reserved 1441792K
  class space    used 51764K, committed 53440K, reserved 1048576K
}
Event: 682.839 GC heap before
{Heap before GC invocations=104 (full 0):
 garbage-first heap   total 1613824K, used 903188K [0x0000000600000000, 0x0000000800000000)
  region size 4096K, 102 young (417792K), 2 survivors (8192K)
 Metaspace       used 400656K, committed 404160K, reserved 1441792K
  class space    used 51891K, committed 53568K, reserved 1048576K
}
Event: 683.494 GC heap after
{Heap after GC invocations=105 (full 0):
 garbage-first heap   total 1613824K, used 530985K [0x0000000600000000, 0x0000000800000000)
  region size 4096K, 11 young (45056K), 11 survivors (45056K)
 Metaspace       used 400656K, committed 404160K, reserved 1441792K
  class space    used 51891K, committed 53568K, reserved 1048576K
}
Event: 684.670 GC heap before
{Heap before GC invocations=105 (full 0):
 garbage-first heap   total 1613824K, used 563753K [0x0000000600000000, 0x0000000800000000)
  region size 4096K, 19 young (77824K), 11 survivors (45056K)
 Metaspace       used 400738K, committed 404160K, reserved 1441792K
  class space    used 51901K, committed 53568K, reserved 1048576K
}
Event: 684.782 GC heap after
{Heap after GC invocations=106 (full 0):
 garbage-first heap   total 1613824K, used 537702K [0x0000000600000000, 0x0000000800000000)
  region size 4096K, 3 young (12288K), 3 survivors (12288K)
 Metaspace       used 400738K, committed 404160K, reserved 1441792K
  class space    used 51901K, committed 53568K, reserved 1048576K
}
Event: 703.715 GC heap before
{Heap before GC invocations=106 (full 0):
 garbage-first heap   total 1613824K, used 771174K [0x0000000600000000, 0x0000000800000000)
  region size 4096K, 42 young (172032K), 3 survivors (12288K)
 Metaspace       used 400853K, committed 404352K, reserved 1441792K
  class space    used 51905K, committed 53632K, reserved 1048576K
}
Event: 703.813 GC heap after
{Heap after GC invocations=107 (full 0):
 garbage-first heap   total 1613824K, used 636928K [0x0000000600000000, 0x0000000800000000)
  region size 4096K, 6 young (24576K), 6 survivors (24576K)
 Metaspace       used 400853K, committed 404352K, reserved 1441792K
  class space    used 51905K, committed 53632K, reserved 1048576K
}
Event: 703.931 GC heap before
{Heap before GC invocations=107 (full 0):
 garbage-first heap   total 1613824K, used 686080K [0x0000000600000000, 0x0000000800000000)
  region size 4096K, 19 young (77824K), 6 survivors (24576K)
 Metaspace       used 400854K, committed 404352K, reserved 1441792K
  class space    used 51905K, committed 53632K, reserved 1048576K
}
Event: 703.984 GC heap after
{Heap after GC invocations=108 (full 0):
 garbage-first heap   total 1613824K, used 642270K [0x0000000600000000, 0x0000000800000000)
  region size 4096K, 3 young (12288K), 3 survivors (12288K)
 Metaspace       used 400854K, committed 404352K, reserved 1441792K
  class space    used 51905K, committed 53632K, reserved 1048576K
}
Event: 1144.110 GC heap before
{Heap before GC invocations=108 (full 0):
 garbage-first heap   total 1613824K, used 814302K [0x0000000600000000, 0x0000000800000000)
  region size 4096K, 46 young (188416K), 3 survivors (12288K)
 Metaspace       used 401115K, committed 404608K, reserved 1441792K
  class space    used 51909K, committed 53632K, reserved 1048576K
}

