# JRE version: OpenJDK Runtime Environment (17.0.0.1+2) (build 17.0.0.1+2-3)
# Java VM: OpenJDK 64-Bit Server VM (17.0.0.1+2-3, mixed mode, sharing, tiered, compressed oops, compressed class ptrs, g1 gc, windows-amd64)
GC Precious Log:
 CPUs: 12 total, 12 available
 Memory: 7915M
 Large Page Support: Disabled
 NUMA Support: Disabled
 Compressed Oops: Enabled (Zero based)
 Heap Region Size: 4M
 Heap Min Capacity: 8M
 Heap Initial Capacity: 124M
 Heap Max Capacity: 8G
 Pre-touch: Disabled
 Parallel Workers: 10
 Concurrent Workers: 3
 Concurrent Refinement Workers: 10
 Periodic GC: Disabled
Heap:
 garbage-first heap   total 225280K, used 155924K [0x0000000600000000, 0x0000000800000000)
  region size 4096K, 9 young (36864K), 1 survivors (4096K)
 Metaspace       used 129259K, committed 130112K, reserved 1163264K
  class space    used 16873K, committed 17280K, reserved 1048576K
GC Heap History (20 events):
Event: 48.849 GC heap before
{Heap before GC invocations=40 (full 0):
 garbage-first heap   total 184320K, used 128134K [0x0000000600000000, 0x0000000800000000)
  region size 4096K, 8 young (32768K), 1 survivors (4096K)
 Metaspace       used 90148K, committed 90944K, reserved 1130496K
  class space    used 12785K, committed 13184K, reserved 1048576K
}
Event: 48.852 GC heap after
{Heap after GC invocations=41 (full 0):
 garbage-first heap   total 184320K, used 102219K [0x0000000600000000, 0x0000000800000000)
  region size 4096K, 1 young (4096K), 1 survivors (4096K)
 Metaspace       used 90148K, committed 90944K, reserved 1130496K
  class space    used 12785K, committed 13184K, reserved 1048576K
}
Event: 50.050 GC heap before
{Heap before GC invocations=41 (full 0):
 garbage-first heap   total 184320K, used 139083K [0x0000000600000000, 0x0000000800000000)
  region size 4096K, 10 young (40960K), 1 survivors (4096K)
 Metaspace       used 94155K, committed 94976K, reserved 1130496K
  class space    used 13121K, committed 13504K, reserved 1048576K
}
Event: 50.057 GC heap after
{Heap after GC invocations=42 (full 0):
 garbage-first heap   total 184320K, used 104961K [0x0000000600000000, 0x0000000800000000)
  region size 4096K, 2 young (8192K), 2 survivors (8192K)
 Metaspace       used 94155K, committed 94976K, reserved 1130496K
  class space    used 13121K, committed 13504K, reserved 1048576K
}
Event: 51.552 GC heap before
{Heap before GC invocations=43 (full 0):
 garbage-first heap   total 192512K, used 133633K [0x0000000600000000, 0x0000000800000000)
  region size 4096K, 10 young (40960K), 2 survivors (8192K)
 Metaspace       used 97899K, committed 98688K, reserved 1138688K
  class space    used 13590K, committed 13952K, reserved 1048576K
}
Event: 51.560 GC heap after
{Heap after GC invocations=44 (full 0):
 garbage-first heap   total 192512K, used 105986K [0x0000000600000000, 0x0000000800000000)
  region size 4096K, 1 young (4096K), 1 survivors (4096K)
 Metaspace       used 97899K, committed 98688K, reserved 1138688K
  class space    used 13590K, committed 13952K, reserved 1048576K
}
Event: 53.158 GC heap before
{Heap before GC invocations=44 (full 0):
 garbage-first heap   total 192512K, used 146946K [0x0000000600000000, 0x0000000800000000)
  region size 4096K, 11 young (45056K), 1 survivors (4096K)
 Metaspace       used 102141K, committed 102912K, reserved 1138688K
  class space    used 14126K, committed 14528K, reserved 1048576K
}
Event: 53.167 GC heap after
{Heap after GC invocations=45 (full 0):
 garbage-first heap   total 192512K, used 109288K [0x0000000600000000, 0x0000000800000000)
  region size 4096K, 2 young (8192K), 2 survivors (8192K)
 Metaspace       used 102141K, committed 102912K, reserved 1138688K
  class space    used 14126K, committed 14528K, reserved 1048576K
}
Event: 55.087 GC heap before
{Heap before GC invocations=46 (full 0):
 garbage-first heap   total 204800K, used 146152K [0x0000000600000000, 0x0000000800000000)
  region size 4096K, 12 young (49152K), 2 survivors (8192K)
 Metaspace       used 104257K, committed 105088K, reserved 1146880K
  class space    used 14378K, committed 14784K, reserved 1048576K
}
Event: 55.095 GC heap after
{Heap after GC invocations=47 (full 0):
 garbage-first heap   total 204800K, used 110551K [0x0000000600000000, 0x0000000800000000)
  region size 4096K, 2 young (8192K), 2 survivors (8192K)
 Metaspace       used 104257K, committed 105088K, reserved 1146880K
  class space    used 14378K, committed 14784K, reserved 1048576K
}
Event: 57.416 GC heap before
{Heap before GC invocations=47 (full 0):
 garbage-first heap   total 204800K, used 159703K [0x0000000600000000, 0x0000000800000000)
  region size 4096K, 14 young (57344K), 2 survivors (8192K)
 Metaspace       used 106334K, committed 107136K, reserved 1146880K
  class space    used 14580K, committed 14976K, reserved 1048576K
}
Event: 57.431 GC heap after
{Heap after GC invocations=48 (full 0):
 garbage-first heap   total 204800K, used 115159K [0x0000000600000000, 0x0000000800000000)
  region size 4096K, 2 young (8192K), 2 survivors (8192K)
 Metaspace       used 106334K, committed 107136K, reserved 1146880K
  class space    used 14580K, committed 14976K, reserved 1048576K
}
Event: 61.059 GC heap before
{Heap before GC invocations=49 (full 0):
 garbage-first heap   total 204800K, used 164311K [0x0000000600000000, 0x0000000800000000)
  region size 4096K, 14 young (57344K), 2 survivors (8192K)
 Metaspace       used 109935K, committed 110784K, reserved 1146880K
  class space    used 14905K, committed 15296K, reserved 1048576K
}
Event: 61.069 GC heap after
{Heap after GC invocations=50 (full 0):
 garbage-first heap   total 204800K, used 120740K [0x0000000600000000, 0x0000000800000000)
  region size 4096K, 2 young (8192K), 2 survivors (8192K)
 Metaspace       used 109935K, committed 110784K, reserved 1146880K
  class space    used 14905K, committed 15296K, reserved 1048576K
}
Event: 62.393 GC heap before
{Heap before GC invocations=50 (full 0):
 garbage-first heap   total 204800K, used 161700K [0x0000000600000000, 0x0000000800000000)
  region size 4096K, 12 young (49152K), 2 survivors (8192K)
 Metaspace       used 113986K, committed 114816K, reserved 1155072K
  class space    used 15339K, committed 15744K, reserved 1048576K
}
Event: 62.401 GC heap after
{Heap after GC invocations=51 (full 0):
 garbage-first heap   total 204800K, used 124230K [0x0000000600000000, 0x0000000800000000)
  region size 4096K, 1 young (4096K), 1 survivors (4096K)
 Metaspace       used 113986K, committed 114816K, reserved 1155072K
  class space    used 15339K, committed 15744K, reserved 1048576K
}
Event: 64.032 GC heap before
{Heap before GC invocations=52 (full 0):
 garbage-first heap   total 221184K, used 165190K [0x0000000600000000, 0x0000000800000000)
  region size 4096K, 11 young (45056K), 1 survivors (4096K)
 Metaspace       used 119154K, committed 120064K, reserved 1155072K
  class space    used 15954K, committed 16384K, reserved 1048576K
}
Event: 64.038 GC heap after
{Heap after GC invocations=53 (full 0):
 garbage-first heap   total 221184K, used 126010K [0x0000000600000000, 0x0000000800000000)
  region size 4096K, 2 young (8192K), 2 survivors (8192K)
 Metaspace       used 119154K, committed 120064K, reserved 1155072K
  class space    used 15954K, committed 16384K, reserved 1048576K
}
Event: 66.273 GC heap before
{Heap before GC invocations=53 (full 0):
 garbage-first heap   total 221184K, used 171066K [0x0000000600000000, 0x0000000800000000)
  region size 4096K, 14 young (57344K), 2 survivors (8192K)
 Metaspace       used 126494K, committed 127360K, reserved 1163264K
  class space    used 16584K, committed 17024K, reserved 1048576K
}
Event: 66.282 GC heap after
{Heap after GC invocations=54 (full 0):
 garbage-first heap   total 221184K, used 127252K [0x0000000600000000, 0x0000000800000000)
  region size 4096K, 1 young (4096K), 1 survivors (4096K)
 Metaspace       used 126494K, committed 127360K, reserved 1163264K
  class space    used 16584K, committed 17024K, reserved 1048576K
}

