# JRE version: OpenJDK Runtime Environment (17.0.0.1+2) (build 17.0.0.1+2-3)
# Java VM: OpenJDK 64-Bit Server VM (17.0.0.1+2-3, mixed mode, sharing, tiered, compressed oops, compressed class ptrs, g1 gc, windows-amd64)
GC Precious Log:
 CPUs: 12 total, 12 available
 Memory: 7915M
 Large Page Support: Disabled
 NUMA Support: Disabled
 Compressed Oops: Enabled (Zero based)
 Heap Region Size: 4M
 Heap Min Capacity: 8M
 Heap Initial Capacity: 124M
 Heap Max Capacity: 8G
 Pre-touch: Disabled
 Parallel Workers: 10
 Concurrent Workers: 3
 Concurrent Refinement Workers: 10
 Periodic GC: Disabled
Heap:
 garbage-first heap   total 225280K, used 145346K [0x0000000600000000, 0x0000000800000000)
  region size 4096K, 7 young (28672K), 1 survivors (4096K)
 Metaspace       used 130320K, committed 131200K, reserved 1171456K
  class space    used 16869K, committed 17280K, reserved 1048576K
GC Heap History (20 events):
Event: 120.721 GC heap before
{Heap before GC invocations=38 (full 0):
 garbage-first heap   total 184320K, used 147677K [0x0000000600000000, 0x0000000800000000)
  region size 4096K, 13 young (53248K), 2 survivors (8192K)
 Metaspace       used 113249K, committed 114048K, reserved 1155072K
  class space    used 14367K, committed 14720K, reserved 1048576K
}
Event: 120.733 GC heap after
{Heap after GC invocations=39 (full 0):
 garbage-first heap   total 184320K, used 103961K [0x0000000600000000, 0x0000000800000000)
  region size 4096K, 2 young (8192K), 2 survivors (8192K)
 Metaspace       used 113249K, committed 114048K, reserved 1155072K
  class space    used 14367K, committed 14720K, reserved 1048576K
}
Event: 121.519 GC heap before
{Heap before GC invocations=40 (full 0):
 garbage-first heap   total 204800K, used 149017K [0x0000000600000000, 0x0000000800000000)
  region size 4096K, 13 young (53248K), 2 survivors (8192K)
 Metaspace       used 113392K, committed 114176K, reserved 1155072K
  class space    used 14369K, committed 14720K, reserved 1048576K
}
Event: 121.530 GC heap after
{Heap after GC invocations=41 (full 0):
 garbage-first heap   total 204800K, used 109332K [0x0000000600000000, 0x0000000800000000)
  region size 4096K, 2 young (8192K), 2 survivors (8192K)
 Metaspace       used 113392K, committed 114176K, reserved 1155072K
  class space    used 14369K, committed 14720K, reserved 1048576K
}
Event: 123.327 GC heap before
{Heap before GC invocations=41 (full 0):
 garbage-first heap   total 204800K, used 166676K [0x0000000600000000, 0x0000000800000000)
  region size 4096K, 16 young (65536K), 2 survivors (8192K)
 Metaspace       used 114793K, committed 115520K, reserved 1155072K
  class space    used 14505K, committed 14848K, reserved 1048576K
}
Event: 123.342 GC heap after
{Heap after GC invocations=42 (full 0):
 garbage-first heap   total 204800K, used 114637K [0x0000000600000000, 0x0000000800000000)
  region size 4096K, 2 young (8192K), 2 survivors (8192K)
 Metaspace       used 114793K, committed 115520K, reserved 1155072K
  class space    used 14505K, committed 14848K, reserved 1048576K
}
Event: 130.871 GC heap before
{Heap before GC invocations=43 (full 0):
 garbage-first heap   total 204800K, used 163789K [0x0000000600000000, 0x0000000800000000)
  region size 4096K, 14 young (57344K), 2 survivors (8192K)
 Metaspace       used 117633K, committed 118464K, reserved 1155072K
  class space    used 14987K, committed 15360K, reserved 1048576K
}
Event: 130.887 GC heap after
{Heap after GC invocations=44 (full 0):
 garbage-first heap   total 204800K, used 118746K [0x0000000600000000, 0x0000000800000000)
  region size 4096K, 2 young (8192K), 2 survivors (8192K)
 Metaspace       used 117633K, committed 118464K, reserved 1155072K
  class space    used 14987K, committed 15360K, reserved 1048576K
}
Event: 131.293 GC heap before
{Heap before GC invocations=44 (full 0):
 garbage-first heap   total 204800K, used 163802K [0x0000000600000000, 0x0000000800000000)
  region size 4096K, 13 young (53248K), 2 survivors (8192K)
 Metaspace       used 117733K, committed 118592K, reserved 1155072K
  class space    used 14989K, committed 15360K, reserved 1048576K
}
Event: 131.300 GC heap after
{Heap after GC invocations=45 (full 0):
 garbage-first heap   total 204800K, used 121849K [0x0000000600000000, 0x0000000800000000)
  region size 4096K, 2 young (8192K), 2 survivors (8192K)
 Metaspace       used 117733K, committed 118592K, reserved 1155072K
  class space    used 14989K, committed 15360K, reserved 1048576K
}
Event: 135.878 GC heap before
{Heap before GC invocations=46 (full 0):
 garbage-first heap   total 225280K, used 162809K [0x0000000600000000, 0x0000000800000000)
  region size 4096K, 12 young (49152K), 2 survivors (8192K)
 Metaspace       used 119513K, committed 120320K, reserved 1155072K
  class space    used 15220K, committed 15616K, reserved 1048576K
}
Event: 135.884 GC heap after
{Heap after GC invocations=47 (full 0):
 garbage-first heap   total 225280K, used 117940K [0x0000000600000000, 0x0000000800000000)
  region size 4096K, 1 young (4096K), 1 survivors (4096K)
 Metaspace       used 119513K, committed 120320K, reserved 1155072K
  class space    used 15220K, committed 15616K, reserved 1048576K
}
Event: 136.001 GC heap before
{Heap before GC invocations=47 (full 0):
 garbage-first heap   total 225280K, used 122036K [0x0000000600000000, 0x0000000800000000)
  region size 4096K, 2 young (8192K), 1 survivors (4096K)
 Metaspace       used 119973K, committed 120768K, reserved 1155072K
  class space    used 15289K, committed 15680K, reserved 1048576K
}
Event: 136.010 GC heap after
{Heap after GC invocations=48 (full 0):
 garbage-first heap   total 225280K, used 105272K [0x0000000600000000, 0x0000000800000000)
  region size 4096K, 1 young (4096K), 1 survivors (4096K)
 Metaspace       used 119973K, committed 120768K, reserved 1155072K
  class space    used 15289K, committed 15680K, reserved 1048576K
}
Event: 137.766 GC heap before
{Heap before GC invocations=48 (full 0):
 garbage-first heap   total 225280K, used 174904K [0x0000000600000000, 0x0000000800000000)
  region size 4096K, 18 young (73728K), 1 survivors (4096K)
 Metaspace       used 123598K, committed 124416K, reserved 1163264K
  class space    used 15914K, committed 16320K, reserved 1048576K
}
Event: 137.774 GC heap after
{Heap after GC invocations=49 (full 0):
 garbage-first heap   total 225280K, used 111926K [0x0000000600000000, 0x0000000800000000)
  region size 4096K, 2 young (8192K), 2 survivors (8192K)
 Metaspace       used 123598K, committed 124416K, reserved 1163264K
  class space    used 15914K, committed 16320K, reserved 1048576K
}
Event: 140.063 GC heap before
{Heap before GC invocations=50 (full 0):
 garbage-first heap   total 225280K, used 181558K [0x0000000600000000, 0x0000000800000000)
  region size 4096K, 18 young (73728K), 2 survivors (8192K)
 Metaspace       used 128823K, committed 129664K, reserved 1163264K
  class space    used 16656K, committed 17024K, reserved 1048576K
}
Event: 140.077 GC heap after
{Heap after GC invocations=51 (full 0):
 garbage-first heap   total 225280K, used 122583K [0x0000000600000000, 0x0000000800000000)
  region size 4096K, 2 young (8192K), 2 survivors (8192K)
 Metaspace       used 128823K, committed 129664K, reserved 1163264K
  class space    used 16656K, committed 17024K, reserved 1048576K
}
Event: 140.171 GC heap before
{Heap before GC invocations=51 (full 0):
 garbage-first heap   total 225280K, used 122583K [0x0000000600000000, 0x0000000800000000)
  region size 4096K, 3 young (12288K), 2 survivors (8192K)
 Metaspace       used 129045K, committed 129920K, reserved 1163264K
  class space    used 16688K, committed 17088K, reserved 1048576K
}
Event: 140.178 GC heap after
{Heap after GC invocations=52 (full 0):
 garbage-first heap   total 225280K, used 120770K [0x0000000600000000, 0x0000000800000000)
  region size 4096K, 1 young (4096K), 1 survivors (4096K)
 Metaspace       used 129045K, committed 129920K, reserved 1163264K
  class space    used 16688K, committed 17088K, reserved 1048576K
}

